Program
	MainClass Factorial (line 1)
		Print (line 3)
			((new Fac()).ComputeFac(10))

	Class Fac (line 7)

		ComputeFac :: () -> int (line 9)
			num_aux :: int
			If (num < 1) (line 11)
				Assign (line 12)
					num_aux := 1
			Else
				Assign (line 14)
					num_aux := (num * (this.ComputeFac((num - 1))))
			return num_aux
class Factorial {
  public static void main (String [] a) {
    System.out.println(new Fac().ComputeFac(10));  }
}

class Fac { 

  public int ComputeFac () { 
    int num_aux;
    if ((num < 1)) 
    num_aux = 1;
    else num_aux = (num * this.ComputeFac((num - 1)));
    return num_aux;
  }
}
