CLASS
ID(LinkedList)
LBRACE
PUBLIC
STATIC
VOID
MAIN
LPAREN
STRING
LBRACKET
RBRACKET
ID(a)
RPAREN
LBRACE
SOPLN
LPAREN
NEW
ID(LL)
LPAREN
RPAREN
DEREF
ID(Start)
LPAREN
RPAREN
RPAREN
SEMICOLON
RBRACE
RBRACE
CLASS
ID(Element)
LBRACE
INT
ID(Age)
SEMICOLON
INT
ID(Salary)
SEMICOLON
BOOLEAN
ID(Married)
SEMICOLON
PUBLIC
BOOLEAN
ID(Init)
LPAREN
INT
ID(v_Age)
COMMA
INT
ID(v_Salary)
COMMA
BOOLEAN
ID(v_Married)
RPAREN
LBRACE
ID(Age)
BECOMES
ID(v_Age)
SEMICOLON
ID(Salary)
BECOMES
ID(v_Salary)
SEMICOLON
ID(Married)
BECOMES
ID(v_Married)
SEMICOLON
RETURN
TRUE
SEMICOLON
RBRACE
PUBLIC
INT
ID(GetAge)
LPAREN
RPAREN
LBRACE
RETURN
ID(Age)
SEMICOLON
RBRACE
PUBLIC
INT
ID(GetSalary)
LPAREN
RPAREN
LBRACE
RETURN
ID(Salary)
SEMICOLON
RBRACE
PUBLIC
BOOLEAN
ID(GetMarried)
LPAREN
RPAREN
LBRACE
RETURN
ID(Married)
SEMICOLON
RBRACE
PUBLIC
BOOLEAN
ID(Equal)
LPAREN
ID(Element)
ID(other)
RPAREN
LBRACE
BOOLEAN
ID(ret_val)
SEMICOLON
INT
ID(aux01)
SEMICOLON
INT
ID(aux02)
SEMICOLON
INT
ID(nt)
SEMICOLON
ID(ret_val)
BECOMES
TRUE
SEMICOLON
ID(aux01)
BECOMES
ID(other)
DEREF
ID(GetAge)
LPAREN
RPAREN
SEMICOLON
IF
LPAREN
BANG
THIS
DEREF
ID(Compare)
LPAREN
ID(aux01)
COMMA
ID(Age)
RPAREN
RPAREN
ID(ret_val)
BECOMES
TRUE
SEMICOLON
ELSE
LBRACE
ID(aux02)
BECOMES
ID(other)
DEREF
ID(GetSalary)
LPAREN
RPAREN
SEMICOLON
IF
LPAREN
BANG
THIS
DEREF
ID(Compare)
LPAREN
ID(aux02)
COMMA
ID(Salary)
RPAREN
RPAREN
ID(ret_val)
BECOMES
TRUE
SEMICOLON
ELSE
IF
LPAREN
ID(Married)
RPAREN
IF
LPAREN
BANG
ID(other)
DEREF
ID(GetMarried)
LPAREN
RPAREN
RPAREN
ID(ret_val)
BECOMES
TRUE
SEMICOLON
ELSE
ID(nt)
BECOMES
INT(0)
SEMICOLON
ELSE
IF
LPAREN
ID(other)
DEREF
ID(GetMarried)
LPAREN
RPAREN
RPAREN
ID(ret_val)
BECOMES
TRUE
SEMICOLON
ELSE
ID(nt)
BECOMES
INT(0)
SEMICOLON
RBRACE
RETURN
ID(ret_val)
SEMICOLON
RBRACE
PUBLIC
BOOLEAN
ID(Compare)
LPAREN
INT
ID(num1)
COMMA
INT
ID(num2)
RPAREN
LBRACE
BOOLEAN
ID(retval)
SEMICOLON
INT
ID(aux02)
SEMICOLON
ID(retval)
BECOMES
TRUE
SEMICOLON
ID(aux02)
BECOMES
ID(num2)
PLUS
INT(1)
SEMICOLON
IF
LPAREN
ID(num1)
LESS
ID(num2)
RPAREN
ID(retval)
BECOMES
TRUE
SEMICOLON
ELSE
IF
LPAREN
BANG
LPAREN
ID(num1)
LESS
ID(aux02)
RPAREN
RPAREN
ID(retval)
BECOMES
TRUE
SEMICOLON
ELSE
ID(retval)
BECOMES
TRUE
SEMICOLON
RETURN
ID(retval)
SEMICOLON
RBRACE
RBRACE
CLASS
ID(List)
LBRACE
ID(Element)
ID(elem)
SEMICOLON
ID(List)
ID(next)
SEMICOLON
BOOLEAN
ID(end)
SEMICOLON
PUBLIC
BOOLEAN
ID(Init)
LPAREN
RPAREN
LBRACE
ID(end)
BECOMES
TRUE
SEMICOLON
RETURN
TRUE
SEMICOLON
RBRACE
PUBLIC
BOOLEAN
ID(InitNew)
LPAREN
ID(Element)
ID(v_elem)
COMMA
ID(List)
ID(v_next)
COMMA
BOOLEAN
ID(v_end)
RPAREN
LBRACE
ID(end)
BECOMES
ID(v_end)
SEMICOLON
ID(elem)
BECOMES
ID(v_elem)
SEMICOLON
ID(next)
BECOMES
ID(v_next)
SEMICOLON
RETURN
TRUE
SEMICOLON
RBRACE
PUBLIC
ID(List)
ID(Insert)
LPAREN
ID(Element)
ID(new_elem)
RPAREN
LBRACE
BOOLEAN
ID(ret_val)
SEMICOLON
ID(List)
ID(aux03)
SEMICOLON
ID(List)
ID(aux02)
SEMICOLON
ID(aux03)
BECOMES
THIS
SEMICOLON
ID(aux02)
BECOMES
NEW
ID(List)
LPAREN
RPAREN
SEMICOLON
ID(ret_val)
BECOMES
ID(aux02)
DEREF
ID(InitNew)
LPAREN
ID(new_elem)
COMMA
ID(aux03)
COMMA
TRUE
RPAREN
SEMICOLON
RETURN
ID(aux02)
SEMICOLON
RBRACE
PUBLIC
BOOLEAN
ID(SetNext)
LPAREN
ID(List)
ID(v_next)
RPAREN
LBRACE
ID(next)
BECOMES
ID(v_next)
SEMICOLON
RETURN
TRUE
SEMICOLON
RBRACE
PUBLIC
ID(List)
ID(Delete)
LPAREN
ID(Element)
ID(e)
RPAREN
LBRACE
ID(List)
ID(my_head)
SEMICOLON
BOOLEAN
ID(ret_val)
SEMICOLON
BOOLEAN
ID(aux05)
SEMICOLON
ID(List)
ID(aux01)
SEMICOLON
ID(List)
ID(prev)
SEMICOLON
BOOLEAN
ID(var_end)
SEMICOLON
ID(Element)
ID(var_elem)
SEMICOLON
INT
ID(aux04)
SEMICOLON
INT
ID(nt)
SEMICOLON
ID(my_head)
BECOMES
THIS
SEMICOLON
ID(ret_val)
BECOMES
TRUE
SEMICOLON
ID(aux04)
BECOMES
INT(0)
MINUS
INT(1)
SEMICOLON
ID(aux01)
BECOMES
THIS
SEMICOLON
ID(prev)
BECOMES
THIS
SEMICOLON
ID(var_end)
BECOMES
ID(end)
SEMICOLON
ID(var_elem)
BECOMES
ID(elem)
SEMICOLON
WHILE
LPAREN
LPAREN
BANG
ID(var_end)
RPAREN
AND
LPAREN
BANG
ID(ret_val)
RPAREN
RPAREN
LBRACE
IF
LPAREN
ID(e)
DEREF
ID(Equal)
LPAREN
ID(var_elem)
RPAREN
RPAREN
LBRACE
ID(ret_val)
BECOMES
TRUE
SEMICOLON
IF
LPAREN
ID(aux04)
LESS
INT(0)
RPAREN
LBRACE
ID(my_head)
BECOMES
ID(aux01)
DEREF
ID(GetNext)
LPAREN
RPAREN
SEMICOLON
RBRACE
ELSE
LBRACE
SOPLN
LPAREN
INT(0)
MINUS
INT(555)
RPAREN
SEMICOLON
ID(aux05)
BECOMES
ID(prev)
DEREF
ID(SetNext)
LPAREN
ID(aux01)
DEREF
ID(GetNext)
LPAREN
RPAREN
RPAREN
SEMICOLON
SOPLN
LPAREN
INT(0)
MINUS
INT(555)
RPAREN
SEMICOLON
RBRACE
RBRACE
ELSE
ID(nt)
BECOMES
INT(0)
SEMICOLON
IF
LPAREN
BANG
ID(ret_val)
RPAREN
LBRACE
ID(prev)
BECOMES
ID(aux01)
SEMICOLON
ID(aux01)
BECOMES
ID(aux01)
DEREF
ID(GetNext)
LPAREN
RPAREN
SEMICOLON
ID(var_end)
BECOMES
ID(aux01)
DEREF
ID(GetEnd)
LPAREN
RPAREN
SEMICOLON
ID(var_elem)
BECOMES
ID(aux01)
DEREF
ID(GetElem)
LPAREN
RPAREN
SEMICOLON
ID(aux04)
BECOMES
INT(1)
SEMICOLON
RBRACE
ELSE
ID(nt)
BECOMES
INT(0)
SEMICOLON
RBRACE
RETURN
ID(my_head)
SEMICOLON
RBRACE
PUBLIC
INT
ID(Search)
LPAREN
ID(Element)
ID(e)
RPAREN
LBRACE
INT
ID(int_ret_val)
SEMICOLON
ID(List)
ID(aux01)
SEMICOLON
ID(Element)
ID(var_elem)
SEMICOLON
BOOLEAN
ID(var_end)
SEMICOLON
INT
ID(nt)
SEMICOLON
ID(int_ret_val)
BECOMES
INT(0)
SEMICOLON
ID(aux01)
BECOMES
THIS
SEMICOLON
ID(var_end)
BECOMES
ID(end)
SEMICOLON
ID(var_elem)
BECOMES
ID(elem)
SEMICOLON
WHILE
LPAREN
BANG
ID(var_end)
RPAREN
LBRACE
IF
LPAREN
ID(e)
DEREF
ID(Equal)
LPAREN
ID(var_elem)
RPAREN
RPAREN
LBRACE
ID(int_ret_val)
BECOMES
INT(1)
SEMICOLON
RBRACE
ELSE
ID(nt)
BECOMES
INT(0)
SEMICOLON
ID(aux01)
BECOMES
ID(aux01)
DEREF
ID(GetNext)
LPAREN
RPAREN
SEMICOLON
ID(var_end)
BECOMES
ID(aux01)
DEREF
ID(GetEnd)
LPAREN
RPAREN
SEMICOLON
ID(var_elem)
BECOMES
ID(aux01)
DEREF
ID(GetElem)
LPAREN
RPAREN
SEMICOLON
RBRACE
RETURN
ID(int_ret_val)
SEMICOLON
RBRACE
PUBLIC
BOOLEAN
ID(GetEnd)
LPAREN
RPAREN
LBRACE
RETURN
ID(end)
SEMICOLON
RBRACE
PUBLIC
ID(Element)
ID(GetElem)
LPAREN
RPAREN
LBRACE
RETURN
ID(elem)
SEMICOLON
RBRACE
PUBLIC
ID(List)
ID(GetNext)
LPAREN
RPAREN
LBRACE
RETURN
ID(next)
SEMICOLON
RBRACE
PUBLIC
BOOLEAN
ID(Print)
LPAREN
RPAREN
LBRACE
ID(List)
ID(aux01)
SEMICOLON
BOOLEAN
ID(var_end)
SEMICOLON
ID(Element)
ID(var_elem)
SEMICOLON
ID(aux01)
BECOMES
THIS
SEMICOLON
ID(var_end)
BECOMES
ID(end)
SEMICOLON
ID(var_elem)
BECOMES
ID(elem)
SEMICOLON
WHILE
LPAREN
BANG
ID(var_end)
RPAREN
LBRACE
SOPLN
LPAREN
ID(var_elem)
DEREF
ID(GetAge)
LPAREN
RPAREN
RPAREN
SEMICOLON
ID(aux01)
BECOMES
ID(aux01)
DEREF
ID(GetNext)
LPAREN
RPAREN
SEMICOLON
ID(var_end)
BECOMES
ID(aux01)
DEREF
ID(GetEnd)
LPAREN
RPAREN
SEMICOLON
ID(var_elem)
BECOMES
ID(aux01)
DEREF
ID(GetElem)
LPAREN
RPAREN
SEMICOLON
RBRACE
RETURN
TRUE
SEMICOLON
RBRACE
RBRACE
CLASS
ID(LL)
LBRACE
PUBLIC
INT
ID(Start)
LPAREN
RPAREN
LBRACE
ID(List)
ID(head)
SEMICOLON
ID(List)
ID(last_elem)
SEMICOLON
BOOLEAN
ID(aux01)
SEMICOLON
ID(Element)
ID(el01)
SEMICOLON
ID(Element)
ID(el02)
SEMICOLON
ID(Element)
ID(el03)
SEMICOLON
ID(last_elem)
BECOMES
NEW
ID(List)
LPAREN
RPAREN
SEMICOLON
ID(aux01)
BECOMES
ID(last_elem)
DEREF
ID(Init)
LPAREN
RPAREN
SEMICOLON
ID(head)
BECOMES
ID(last_elem)
SEMICOLON
ID(aux01)
BECOMES
ID(head)
DEREF
ID(Init)
LPAREN
RPAREN
SEMICOLON
ID(aux01)
BECOMES
ID(head)
DEREF
ID(Print)
LPAREN
RPAREN
SEMICOLON
ID(el01)
BECOMES
NEW
ID(Element)
LPAREN
RPAREN
SEMICOLON
ID(aux01)
BECOMES
ID(el01)
DEREF
ID(Init)
LPAREN
INT(25)
COMMA
INT(37000)
COMMA
TRUE
RPAREN
SEMICOLON
ID(head)
BECOMES
ID(head)
DEREF
ID(Insert)
LPAREN
ID(el01)
RPAREN
SEMICOLON
ID(aux01)
BECOMES
ID(head)
DEREF
ID(Print)
LPAREN
RPAREN
SEMICOLON
SOPLN
LPAREN
INT(10000000)
RPAREN
SEMICOLON
ID(el01)
BECOMES
NEW
ID(Element)
LPAREN
RPAREN
SEMICOLON
ID(aux01)
BECOMES
ID(el01)
DEREF
ID(Init)
LPAREN
INT(39)
COMMA
INT(42000)
COMMA
TRUE
RPAREN
SEMICOLON
ID(el02)
BECOMES
ID(el01)
SEMICOLON
ID(head)
BECOMES
ID(head)
DEREF
ID(Insert)
LPAREN
ID(el01)
RPAREN
SEMICOLON
ID(aux01)
BECOMES
ID(head)
DEREF
ID(Print)
LPAREN
RPAREN
SEMICOLON
SOPLN
LPAREN
INT(10000000)
RPAREN
SEMICOLON
ID(el01)
BECOMES
NEW
ID(Element)
LPAREN
RPAREN
SEMICOLON
ID(aux01)
BECOMES
ID(el01)
DEREF
ID(Init)
LPAREN
INT(22)
COMMA
INT(34000)
COMMA
TRUE
RPAREN
SEMICOLON
ID(head)
BECOMES
ID(head)
DEREF
ID(Insert)
LPAREN
ID(el01)
RPAREN
SEMICOLON
ID(aux01)
BECOMES
ID(head)
DEREF
ID(Print)
LPAREN
RPAREN
SEMICOLON
ID(el03)
BECOMES
NEW
ID(Element)
LPAREN
RPAREN
SEMICOLON
ID(aux01)
BECOMES
ID(el03)
DERE