CLASS
ID(TreeVisitor)
LBRACE
PUBLIC
STATIC
VOID
MAIN
LPAREN
STRING
LBRACKET
RBRACKET
ID(a)
RPAREN
LBRACE
SOPLN
LPAREN
NEW
ID(TV)
LPAREN
RPAREN
DEREF
ID(Start)
LPAREN
RPAREN
RPAREN
SEMICOLON
RBRACE
RBRACE
CLASS
ID(TV)
LBRACE
PUBLIC
INT
ID(Start)
LPAREN
RPAREN
LBRACE
ID(Tree)
ID(root)
SEMICOLON
BOOLEAN
ID(ntb)
SEMICOLON
INT
ID(nti)
SEMICOLON
ID(MyVisitor)
ID(v)
SEMICOLON
ID(root)
BECOMES
NEW
ID(Tree)
LPAREN
RPAREN
SEMICOLON
ID(ntb)
BECOMES
ID(root)
DEREF
ID(Init)
LPAREN
INT(16)
RPAREN
SEMICOLON
ID(ntb)
BECOMES
ID(root)
DEREF
ID(Print)
LPAREN
RPAREN
SEMICOLON
SOPLN
LPAREN
INT(100000000)
RPAREN
SEMICOLON
ID(ntb)
BECOMES
ID(root)
DEREF
ID(Insert)
LPAREN
INT(8)
RPAREN
SEMICOLON
ID(ntb)
BECOMES
ID(root)
DEREF
ID(Insert)
LPAREN
INT(24)
RPAREN
SEMICOLON
ID(ntb)
BECOMES
ID(root)
DEREF
ID(Insert)
LPAREN
INT(4)
RPAREN
SEMICOLON
ID(ntb)
BECOMES
ID(root)
DEREF
ID(Insert)
LPAREN
INT(12)
RPAREN
SEMICOLON
ID(ntb)
BECOMES
ID(root)
DEREF
ID(Insert)
LPAREN
INT(20)
RPAREN
SEMICOLON
ID(ntb)
BECOMES
ID(root)
DEREF
ID(Insert)
LPAREN
INT(28)
RPAREN
SEMICOLON
ID(ntb)
BECOMES
ID(root)
DEREF
ID(Insert)
LPAREN
INT(14)
RPAREN
SEMICOLON
ID(ntb)
BECOMES
ID(root)
DEREF
ID(Print)
LPAREN
RPAREN
SEMICOLON
SOPLN
LPAREN
INT(100000000)
RPAREN
SEMICOLON
ID(v)
BECOMES
NEW
ID(MyVisitor)
LPAREN
RPAREN
SEMICOLON
SOPLN
LPAREN
INT(50000000)
RPAREN
SEMICOLON
ID(nti)
BECOMES
ID(root)
DEREF
ID(accept)
LPAREN
ID(v)
RPAREN
SEMICOLON
SOPLN
LPAREN
INT(100000000)
RPAREN
SEMICOLON
SOPLN
LPAREN
ID(root)
DEREF
ID(Search)
LPAREN
INT(24)
RPAREN
RPAREN
SEMICOLON
SOPLN
LPAREN
ID(root)
DEREF
ID(Search)
LPAREN
INT(12)
RPAREN
RPAREN
SEMICOLON
SOPLN
LPAREN
ID(root)
DEREF
ID(Search)
LPAREN
INT(16)
RPAREN
RPAREN
SEMICOLON
SOPLN
LPAREN
ID(root)
DEREF
ID(Search)
LPAREN
INT(50)
RPAREN
RPAREN
SEMICOLON
SOPLN
LPAREN
ID(root)
DEREF
ID(Search)
LPAREN
INT(12)
RPAREN
RPAREN
SEMICOLON
ID(ntb)
BECOMES
ID(root)
DEREF
ID(Delete)
LPAREN
INT(12)
RPAREN
SEMICOLON
ID(ntb)
BECOMES
ID(root)
DEREF
ID(Print)
LPAREN
RPAREN
SEMICOLON
SOPLN
LPAREN
ID(root)
DEREF
ID(Search)
LPAREN
INT(12)
RPAREN
RPAREN
SEMICOLON
RETURN
INT(0)
SEMICOLON
RBRACE
RBRACE
CLASS
ID(Tree)
LBRACE
ID(Tree)
ID(left)
SEMICOLON
ID(Tree)
ID(right)
SEMICOLON
INT
ID(key)
SEMICOLON
BOOLEAN
ID(has_left)
SEMICOLON
BOOLEAN
ID(has_right)
SEMICOLON
ID(Tree)
ID(my_null)
SEMICOLON
PUBLIC
BOOLEAN
ID(Init)
LPAREN
INT
ID(v_key)
RPAREN
LBRACE
ID(key)
BECOMES
ID(v_key)
SEMICOLON
ID(has_left)
BECOMES
TRUE
SEMICOLON
ID(has_right)
BECOMES
TRUE
SEMICOLON
RETURN
TRUE
SEMICOLON
RBRACE
PUBLIC
BOOLEAN
ID(SetRight)
LPAREN
ID(Tree)
ID(rn)
RPAREN
LBRACE
ID(right)
BECOMES
ID(rn)
SEMICOLON
RETURN
TRUE
SEMICOLON
RBRACE
PUBLIC
BOOLEAN
ID(SetLeft)
LPAREN
ID(Tree)
ID(ln)
RPAREN
LBRACE
ID(left)
BECOMES
ID(ln)
SEMICOLON
RETURN
TRUE
SEMICOLON
RBRACE
PUBLIC
ID(Tree)
ID(GetRight)
LPAREN
RPAREN
LBRACE
RETURN
ID(right)
SEMICOLON
RBRACE
PUBLIC
ID(Tree)
ID(GetLeft)
LPAREN
RPAREN
LBRACE
RETURN
ID(left)
SEMICOLON
RBRACE
PUBLIC
INT
ID(GetKey)
LPAREN
RPAREN
LBRACE
RETURN
ID(key)
SEMICOLON
RBRACE
PUBLIC
BOOLEAN
ID(SetKey)
LPAREN
INT
ID(v_key)
RPAREN
LBRACE
ID(key)
BECOMES
ID(v_key)
SEMICOLON
RETURN
TRUE
SEMICOLON
RBRACE
PUBLIC
BOOLEAN
ID(GetHas_Right)
LPAREN
RPAREN
LBRACE
RETURN
ID(has_right)
SEMICOLON
RBRACE
PUBLIC
BOOLEAN
ID(GetHas_Left)
LPAREN
RPAREN
LBRACE
RETURN
ID(has_left)
SEMICOLON
RBRACE
PUBLIC
BOOLEAN
ID(SetHas_Left)
LPAREN
BOOLEAN
ID(val)
RPAREN
LBRACE
ID(has_left)
BECOMES
ID(val)
SEMICOLON
RETURN
TRUE
SEMICOLON
RBRACE
PUBLIC
BOOLEAN
ID(SetHas_Right)
LPAREN
BOOLEAN
ID(val)
RPAREN
LBRACE
ID(has_right)
BECOMES
ID(val)
SEMICOLON
RETURN
TRUE
SEMICOLON
RBRACE
PUBLIC
BOOLEAN
ID(Compare)
LPAREN
INT
ID(num1)
COMMA
INT
ID(num2)
RPAREN
LBRACE
BOOLEAN
ID(ntb)
SEMICOLON
INT
ID(nti)
SEMICOLON
ID(ntb)
BECOMES
TRUE
SEMICOLON
ID(nti)
BECOMES
ID(num2)
PLUS
INT(1)
SEMICOLON
IF
LPAREN
ID(num1)
LESS
ID(num2)
RPAREN
ID(ntb)
BECOMES
TRUE
SEMICOLON
ELSE
IF
LPAREN
BANG
LPAREN
ID(num1)
LESS
ID(nti)
RPAREN
RPAREN
ID(ntb)
BECOMES
TRUE
SEMICOLON
ELSE
ID(ntb)
BECOMES
TRUE
SEMICOLON
RETURN
ID(ntb)
SEMICOLON
RBRACE
PUBLIC
BOOLEAN
ID(Insert)
LPAREN
INT
ID(v_key)
RPAREN
LBRACE
ID(Tree)
ID(new_node)
SEMICOLON
BOOLEAN
ID(ntb)
SEMICOLON
ID(Tree)
ID(current_node)
SEMICOLON
BOOLEAN
ID(cont)
SEMICOLON
INT
ID(key_aux)
SEMICOLON
ID(new_node)
BECOMES
NEW
ID(Tree)
LPAREN
RPAREN
SEMICOLON
ID(ntb)
BECOMES
ID(new_node)
DEREF
ID(Init)
LPAREN
ID(v_key)
RPAREN
SEMICOLON
ID(current_node)
BECOMES
THIS
SEMICOLON
ID(cont)
BECOMES
TRUE
SEMICOLON
WHILE
LPAREN
ID(cont)
RPAREN
LBRACE
ID(key_aux)
BECOMES
ID(current_node)
DEREF
ID(GetKey)
LPAREN
RPAREN
SEMICOLON
IF
LPAREN
ID(v_key)
LESS
ID(key_aux)
RPAREN
LBRACE
IF
LPAREN
ID(current_node)
DEREF
ID(GetHas_Left)
LPAREN
RPAREN
RPAREN
ID(current_node)
BECOMES
ID(current_node)
DEREF
ID(GetLeft)
LPAREN
RPAREN
SEMICOLON
ELSE
LBRACE
ID(cont)
BECOMES
TRUE
SEMICOLON
ID(ntb)
BECOMES
ID(current_node)
DEREF
ID(SetHas_Left)
LPAREN
TRUE
RPAREN
SEMICOLON
ID(ntb)
BECOMES
ID(current_node)
DEREF
ID(SetLeft)
LPAREN
ID(new_node)
RPAREN
SEMICOLON
RBRACE
RBRACE
ELSE
LBRACE
IF
LPAREN
ID(current_node)
DEREF
ID(GetHas_Right)
LPAREN
RPAREN
RPAREN
ID(current_node)
BECOMES
ID(current_node)
DEREF
ID(GetRight)
LPAREN
RPAREN
SEMICOLON
ELSE
LBRACE
ID(cont)
BECOMES
TRUE
SEMICOLON
ID(ntb)
BECOMES
ID(current_node)
DEREF
ID(SetHas_Right)
LPAREN
TRUE
RPAREN
SEMICOLON
ID(ntb)
BECOMES
ID(current_node)
DEREF
ID(SetRight)
LPAREN
ID(new_node)
RPAREN
SEMICOLON
RBRACE
RBRACE
RBRACE
RETURN
TRUE
SEMICOLON
RBRACE
PUBLIC
BOOLEAN
ID(Delete)
LPAREN
INT
ID(v_key)
RPAREN
LBRACE
ID(Tree)
ID(current_node)
SEMICOLON
ID(Tree)
ID(parent_node)
SEMICOLON
BOOLEAN
ID(cont)
SEMICOLON
BOOLEAN
ID(found)
SEMICOLON
BOOLEAN
ID(ntb)
SEMICOLON
BOOLEAN
ID(is_root)
SEMICOLON
INT
ID(key_aux)
SEMICOLON
ID(current_node)
BECOMES
THIS
SEMICOLON
ID(parent_node)
BECOMES
THIS
SEMICOLON
ID(cont)
BECOMES
TRUE
SEMICOLON
ID(found)
BECOMES
TRUE
SEMICOLON
ID(is_root)
BECOMES
TRUE
SEMICOLON
WHILE
LPAREN
ID(cont)
RPAREN
LBRACE
ID(key_aux)
BECOMES
ID(current_node)
DEREF
ID(GetKey)
LPAREN
RPAREN
SEMICOLON
IF
LPAREN
ID(v_key)
LESS
ID(key_aux)
RPAREN
IF
LPAREN
ID(current_node)
DEREF
ID(GetHas_Left)
LPAREN
RPAREN
RPAREN
LBRACE
ID(parent_node)
BECOMES
ID(current_node)
SEMICOLON
ID(current_node)
BECOMES
ID(current_node)
DEREF
ID(GetLeft)
LPAREN
RPAREN
SEMICOLON
RBRACE
ELSE
ID(cont)
BECOMES
TRUE
SEMICOLON
ELSE
IF
LPAREN
ID(key_aux)
LESS
ID(v_key)
RPAREN
IF
LPAREN
ID(current_node)
DEREF
ID(GetHas_Right)
LPAREN
RPAREN
RPAREN
LBRACE
ID(parent_node)
BECOMES
ID(current_node)
SEMICOLON
ID(current_node)
BECOMES
ID(current_node)
DEREF
ID(GetRight)
LPAREN
RPAREN
SEMICOLON
RBRACE
ELSE
ID(cont)
BECOMES
TRUE
SEMICOLON
ELSE
LBRACE
IF
LPAREN
ID(is_root)
RPAREN
IF
LPAREN
BANG
ID(current_node)
DEREF
ID(GetHas_Right)
LPAREN
RPAREN
AND
BANG
ID(current_node)
DEREF
ID(GetHas_Left)
LPAREN
RPAREN
RPAREN
ID(ntb)
BECOMES
TRUE
SEMICOLON
ELSE
ID(ntb)
BECOMES
THIS
DEREF
ID(Remove)
LPAREN
ID(parent_node)
COMMA
ID(current_node)
RPAREN
SEMICOLON
ELSE
ID(ntb)
BECOMES
THIS
DEREF
ID(Remove)
LPAREN
ID(parent_node)
COMMA
ID(current_node)
RPAREN
SEMICOLON
ID(found)
BECOMES
TRUE
SEMICOLON
ID(cont)
BECOMES
TRUE
SEMICOLON
RBRACE
ID(is_root)
BECOMES
TRUE
SEMICOLON
RBRACE
RETURN
ID(found)
SEMICOLON
RBRACE
PUBLIC
BOOLEAN
ID(Remove)
LPAREN
ID(Tree)
ID(p_node)
COMMA
ID(Tree)
ID(c_node)
RPAREN
LBRACE
BOOLEAN
ID(ntb)
SEMICOLON
INT
ID(auxkey1)
SEMICOLON
INT
ID(auxkey2)
SEMICOLON
IF
LPAREN
ID(c_node)
DEREF
ID(GetHas_Left)
LPAREN
RPAREN
RPAREN
ID(ntb)
BECOMES
THIS
DEREF
ID(RemoveLeft)
LPAREN
ID(p_node)
COMMA
ID(c_node)
RPAREN
SEMICOLON
ELSE
IF
LPAREN
ID(c_node)
DEREF
ID(GetHas_Right)
LPAREN
RPAREN
RPAREN
ID(ntb)
BECOMES
THIS
DEREF
ID(RemoveRight)
LPAREN
ID(p_node)
COMMA
ID(c_node)
RPAREN
SEMICOLON
ELSE
LBRACE
ID(auxkey1)
BECOMES
ID(c_node)
DEREF
ID(GetKey)
LPAREN
RPAREN
SEMICOLON
ID(auxkey2)
BECOMES
LPAREN
ID(p_node)
DEREF
ID(GetLeft)
LPAREN
RPAREN
RPAREN
DEREF
ID(GetKey)
LPAREN
RPAREN
SEMICOLON
IF
LPAREN
THIS
DEREF
ID(Compare)
LPAREN
ID(auxkey1)
COMMA
ID(auxkey2)
RPAREN
RPAREN
LBRACE
ID(ntb)
BECOMES
ID(p_node)
DEREF
ID(SetLeft)
LPAREN
ID(my_null)
RPAREN
SEMICOLON
ID(ntb)
BECOMES
ID(p_node)
DEREF
ID(SetHas_Left)
LPAREN
TRUE
RPAREN
SEMICOLON
RBRACE
ELSE
LBRACE
ID(ntb)
BECOMES
ID(p_node)
DEREF
ID(SetRight)
LPAREN
ID(my_null)
RPAREN
SEMICOLON
I